1622439997077	geckodriver	INFO	Listening on 127.0.0.1:55508
1622439997084	mozrunner::runner	INFO	Running command: "/Applications/Firefox.app/Contents/MacOS/firefox-bin" "--marionette" "-headless" "-foreground" "-no-remote" "-profile" "/var/folders/zj/64pcvrn117b35wx61ttyc22dy4rksl/T/rust_mozprofileLgeLtr"
*** You are running in headless mode.
console.error: Policies.jsm: 
  Unable to find certificate - gnm_root_ca.cer
1622439997426	Marionette	INFO	Marionette enabled
console.warn: SearchSettings: "get: No settings file exists, new profile?" (new Error("", "(unknown module)"))
1622439998422	Marionette	INFO	Listening on port 55517
1622439998443	Marionette	WARN	TLS certificate errors will be ignored for this session
1622440031568	geckodriver	INFO	Listening on 127.0.0.1:55601
1622440032580	mozrunner::runner	INFO	Running command: "/Applications/Firefox.app/Contents/MacOS/firefox-bin" "--marionette" "-headless" "-foreground" "-no-remote" "-profile" "/var/folders/zj/64pcvrn117b35wx61ttyc22dy4rksl/T/rust_mozprofileNIvAYs"
*** You are running in headless mode.
console.error: Policies.jsm: 
  Unable to find certificate - gnm_root_ca.cer
1622440032961	Marionette	INFO	Marionette enabled
console.warn: SearchSettings: "get: No settings file exists, new profile?" (new Error("", "(unknown module)"))
1622440033974	Marionette	INFO	Listening on port 55612
1622440034046	Marionette	WARN	TLS certificate errors will be ignored for this session
1622440082442	Marionette	WARN	TimedPromise timed out after 500 ms: stacktrace:
TimedPromise/<@chrome://marionette/content/sync.js:237:19
TimedPromise@chrome://marionette/content/sync.js:222:10
interaction.flushEventLoop@chrome://marionette/content/interaction.js:431:10
webdriverClickElement@chrome://marionette/content/interaction.js:179:31
1622440085253	Marionette	WARN	TimedPromise timed out after 500 ms: stacktrace:
TimedPromise/<@chrome://marionette/content/sync.js:237:19
TimedPromise@chrome://marionette/content/sync.js:222:10
interaction.flushEventLoop@chrome://marionette/content/interaction.js:431:10
webdriverClickElement@chrome://marionette/content/interaction.js:179:31
1622440088067	Marionette	WARN	TimedPromise timed out after 500 ms: stacktrace:
TimedPromise/<@chrome://marionette/content/sync.js:237:19
TimedPromise@chrome://marionette/content/sync.js:222:10
interaction.flushEventLoop@chrome://marionette/content/interaction.js:431:10
webdriverClickElement@chrome://marionette/content/interaction.js:179:31
1622440090874	Marionette	WARN	TimedPromise timed out after 500 ms: stacktrace:
TimedPromise/<@chrome://marionette/content/sync.js:237:19
TimedPromise@chrome://marionette/content/sync.js:222:10
interaction.flushEventLoop@chrome://marionette/content/interaction.js:431:10
webdriverClickElement@chrome://marionette/content/interaction.js:179:31
1622440093692	Marionette	WARN	TimedPromise timed out after 500 ms: stacktrace:
TimedPromise/<@chrome://marionette/content/sync.js:237:19
TimedPromise@chrome://marionette/content/sync.js:222:10
interaction.flushEventLoop@chrome://marionette/content/interaction.js:431:10
webdriverClickElement@chrome://marionette/content/interaction.js:179:31
1622440096501	Marionette	WARN	TimedPromise timed out after 500 ms: stacktrace:
TimedPromise/<@chrome://marionette/content/sync.js:237:19
TimedPromise@chrome://marionette/content/sync.js:222:10
interaction.flushEventLoop@chrome://marionette/content/interaction.js:431:10
webdriverClickElement@chrome://marionette/content/interaction.js:179:31
1622440099311	Marionette	WARN	TimedPromise timed out after 500 ms: stacktrace:
TimedPromise/<@chrome://marionette/content/sync.js:237:19
TimedPromise@chrome://marionette/content/sync.js:222:10
interaction.flushEventLoop@chrome://marionette/content/interaction.js:431:10
webdriverClickElement@chrome://marionette/content/interaction.js:179:31
1622440102127	Marionette	WARN	TimedPromise timed out after 500 ms: stacktrace:
TimedPromise/<@chrome://marionette/content/sync.js:237:19
TimedPromise@chrome://marionette/content/sync.js:222:10
interaction.flushEventLoop@chrome://marionette/content/interaction.js:431:10
webdriverClickElement@chrome://marionette/content/interaction.js:179:31
1622440104936	Marionette	WARN	TimedPromise timed out after 500 ms: stacktrace:
TimedPromise/<@chrome://marionette/content/sync.js:237:19
TimedPromise@chrome://marionette/content/sync.js:222:10
interaction.flushEventLoop@chrome://marionette/content/interaction.js:431:10
webdriverClickElement@chrome://marionette/content/interaction.js:179:31
1622440107755	Marionette	WARN	TimedPromise timed out after 500 ms: stacktrace:
TimedPromise/<@chrome://marionette/content/sync.js:237:19
TimedPromise@chrome://marionette/content/sync.js:222:10
interaction.flushEventLoop@chrome://marionette/content/interaction.js:431:10
webdriverClickElement@chrome://marionette/content/interaction.js:179:31
1622440109983	Marionette	INFO	Stopped listening on port 55612
1622440249454	geckodriver	INFO	Listening on 127.0.0.1:55920
1622440249461	mozrunner::runner	INFO	Running command: "/Applications/Firefox.app/Contents/MacOS/firefox-bin" "--marionette" "-headless" "-foreground" "-no-remote" "-profile" "/var/folders/zj/64pcvrn117b35wx61ttyc22dy4rksl/T/rust_mozprofileJ0XzPK"
*** You are running in headless mode.
console.error: Policies.jsm: 
  Unable to find certificate - gnm_root_ca.cer
1622440249820	Marionette	INFO	Marionette enabled
console.warn: SearchSettings: "get: No settings file exists, new profile?" (new Error("", "(unknown module)"))
1622440250821	Marionette	INFO	Listening on port 55929
1622440250929	Marionette	WARN	TLS certificate errors will be ignored for this session
1622440259557	Marionette	INFO	Stopped listening on port 55929
1622440271214	geckodriver	INFO	Listening on 127.0.0.1:55995
1622440271222	mozrunner::runner	INFO	Running command: "/Applications/Firefox.app/Contents/MacOS/firefox-bin" "--marionette" "-headless" "-foreground" "-no-remote" "-profile" "/var/folders/zj/64pcvrn117b35wx61ttyc22dy4rksl/T/rust_mozprofileV7nTUw"
*** You are running in headless mode.
console.error: Policies.jsm: 
  Unable to find certificate - gnm_root_ca.cer
1622440271551	Marionette	INFO	Marionette enabled
console.warn: SearchSettings: "get: No settings file exists, new profile?" (new Error("", "(unknown module)"))
1622440272523	Marionette	INFO	Listening on port 56004
1622440272584	Marionette	WARN	TLS certificate errors will be ignored for this session
1622440280804	Marionette	INFO	Stopped listening on port 56004
1622440328245	geckodriver	INFO	Listening on 127.0.0.1:56077
1622440328254	mozrunner::runner	INFO	Running command: "/Applications/Firefox.app/Contents/MacOS/firefox-bin" "--marionette" "-headless" "-foreground" "-no-remote" "-profile" "/var/folders/zj/64pcvrn117b35wx61ttyc22dy4rksl/T/rust_mozprofileLHWH2Y"
*** You are running in headless mode.
console.error: Policies.jsm: 
  Unable to find certificate - gnm_root_ca.cer
1622440328611	Marionette	INFO	Marionette enabled
console.warn: SearchSettings: "get: No settings file exists, new profile?" (new Error("", "(unknown module)"))
1622440329577	Marionette	INFO	Listening on port 56086
1622440329614	Marionette	WARN	TLS certificate errors will be ignored for this session
1622440338038	Marionette	INFO	Stopped listening on port 56086
1622440358539	geckodriver	INFO	Listening on 127.0.0.1:56150
1622440358564	mozrunner::runner	INFO	Running command: "/Applications/Firefox.app/Contents/MacOS/firefox-bin" "--marionette" "-headless" "-foreground" "-no-remote" "-profile" "/var/folders/zj/64pcvrn117b35wx61ttyc22dy4rksl/T/rust_mozprofileMjXxyh"
*** You are running in headless mode.
console.error: Policies.jsm: 
  Unable to find certificate - gnm_root_ca.cer
1622440358906	Marionette	INFO	Marionette enabled
console.warn: SearchSettings: "get: No settings file exists, new profile?" (new Error("", "(unknown module)"))
1622440359907	Marionette	INFO	Listening on port 56159
1622440359922	Marionette	WARN	TLS certificate errors will be ignored for this session
1622440408161	Marionette	WARN	TimedPromise timed out after 500 ms: stacktrace:
TimedPromise/<@chrome://marionette/content/sync.js:237:19
TimedPromise@chrome://marionette/content/sync.js:222:10
interaction.flushEventLoop@chrome://marionette/content/interaction.js:431:10
webdriverClickElement@chrome://marionette/content/interaction.js:179:31
1622440410974	Marionette	WARN	TimedPromise timed out after 500 ms: stacktrace:
TimedPromise/<@chrome://marionette/content/sync.js:237:19
TimedPromise@chrome://marionette/content/sync.js:222:10
interaction.flushEventLoop@chrome://marionette/content/interaction.js:431:10
webdriverClickElement@chrome://marionette/content/interaction.js:179:31
1622440413792	Marionette	WARN	TimedPromise timed out after 500 ms: stacktrace:
TimedPromise/<@chrome://marionette/content/sync.js:237:19
TimedPromise@chrome://marionette/content/sync.js:222:10
interaction.flushEventLoop@chrome://marionette/content/interaction.js:431:10
webdriverClickElement@chrome://marionette/content/interaction.js:179:31
1622440416600	Marionette	WARN	TimedPromise timed out after 500 ms: stacktrace:
TimedPromise/<@chrome://marionette/content/sync.js:237:19
TimedPromise@chrome://marionette/content/sync.js:222:10
interaction.flushEventLoop@chrome://marionette/content/interaction.js:431:10
webdriverClickElement@chrome://marionette/content/interaction.js:179:31
1622440419418	Marionette	WARN	TimedPromise timed out after 500 ms: stacktrace:
TimedPromise/<@chrome://marionette/content/sync.js:237:19
TimedPromise@chrome://marionette/content/sync.js:222:10
interaction.flushEventLoop@chrome://marionette/content/interaction.js:431:10
webdriverClickElement@chrome://marionette/content/interaction.js:179:31
1622440422219	Marionette	WARN	TimedPromise timed out after 500 ms: stacktrace:
TimedPromise/<@chrome://marionette/content/sync.js:237:19
TimedPromise@chrome://marionette/content/sync.js:222:10
interaction.flushEventLoop@chrome://marionette/content/interaction.js:431:10
webdriverClickElement@chrome://marionette/content/interaction.js:179:31
1622440425032	Marionette	WARN	TimedPromise timed out after 500 ms: stacktrace:
TimedPromise/<@chrome://marionette/content/sync.js:237:19
TimedPromise@chrome://marionette/content/sync.js:222:10
interaction.flushEventLoop@chrome://marionette/content/interaction.js:431:10
webdriverClickElement@chrome://marionette/content/interaction.js:179:31
1622440427848	Marionette	WARN	TimedPromise timed out after 500 ms: stacktrace:
TimedPromise/<@chrome://marionette/content/sync.js:237:19
TimedPromise@chrome://marionette/content/sync.js:222:10
interaction.flushEventLoop@chrome://marionette/content/interaction.js:431:10
webdriverClickElement@chrome://marionette/content/interaction.js:179:31
1622440430660	Marionette	WARN	TimedPromise timed out after 500 ms: stacktrace:
TimedPromise/<@chrome://marionette/content/sync.js:237:19
TimedPromise@chrome://marionette/content/sync.js:222:10
interaction.flushEventLoop@chrome://marionette/content/interaction.js:431:10
webdriverClickElement@chrome://marionette/content/interaction.js:179:31
1622440433473	Marionette	WARN	TimedPromise timed out after 500 ms: stacktrace:
TimedPromise/<@chrome://marionette/content/sync.js:237:19
TimedPromise@chrome://marionette/content/sync.js:222:10
interaction.flushEventLoop@chrome://marionette/content/interaction.js:431:10
webdriverClickElement@chrome://marionette/content/interaction.js:179:31
1622440435703	Marionette	INFO	Stopped listening on port 56159
1622440470238	geckodriver	INFO	Listening on 127.0.0.1:56244
1622440470245	mozrunner::runner	INFO	Running command: "/Applications/Firefox.app/Contents/MacOS/firefox-bin" "--marionette" "-headless" "-foreground" "-no-remote" "-profile" "/var/folders/zj/64pcvrn117b35wx61ttyc22dy4rksl/T/rust_mozprofile9zuzc9"
*** You are running in headless mode.
console.error: Policies.jsm: 
  Unable to find certificate - gnm_root_ca.cer
1622440470589	Marionette	INFO	Marionette enabled
console.warn: SearchSettings: "get: No settings file exists, new profile?" (new Error("", "(unknown module)"))
1622440471575	Marionette	INFO	Listening on port 56253
1622440471596	Marionette	WARN	TLS certificate errors will be ignored for this session
1622440519602	Marionette	INFO	Stopped listening on port 56253
1622440541183	geckodriver	INFO	Listening on 127.0.0.1:56332
1622440541189	mozrunner::runner	INFO	Running command: "/Applications/Firefox.app/Contents/MacOS/firefox-bin" "--marionette" "-headless" "-foreground" "-no-remote" "-profile" "/var/folders/zj/64pcvrn117b35wx61ttyc22dy4rksl/T/rust_mozprofilelCLXCp"
*** You are running in headless mode.
console.error: Policies.jsm: 
  Unable to find certificate - gnm_root_ca.cer
1622440541552	Marionette	INFO	Marionette enabled
console.warn: SearchSettings: "get: No settings file exists, new profile?" (new Error("", "(unknown module)"))
1622440542549	Marionette	INFO	Listening on port 56341
1622440542660	Marionette	WARN	TLS certificate errors will be ignored for this session
1622440591099	Marionette	WARN	TimedPromise timed out after 500 ms: stacktrace:
TimedPromise/<@chrome://marionette/content/sync.js:237:19
TimedPromise@chrome://marionette/content/sync.js:222:10
interaction.flushEventLoop@chrome://marionette/content/interaction.js:431:10
webdriverClickElement@chrome://marionette/content/interaction.js:179:31
1622440593906	Marionette	WARN	TimedPromise timed out after 500 ms: stacktrace:
TimedPromise/<@chrome://marionette/content/sync.js:237:19
TimedPromise@chrome://marionette/content/sync.js:222:10
interaction.flushEventLoop@chrome://marionette/content/interaction.js:431:10
webdriverClickElement@chrome://marionette/content/interaction.js:179:31
1622440596720	Marionette	WARN	TimedPromise timed out after 500 ms: stacktrace:
TimedPromise/<@chrome://marionette/content/sync.js:237:19
TimedPromise@chrome://marionette/content/sync.js:222:10
interaction.flushEventLoop@chrome://marionette/content/interaction.js:431:10
webdriverClickElement@chrome://marionette/content/interaction.js:179:31
1622440598948	Marionette	INFO	Stopped listening on port 56341
